[ 2017-08-04T14:41:27+08:00 ] ::1 /news_cms/admin.php?c=content
INFO: [ app_init ] --START--
INFO: Run Behavior\BuildLiteBehavior [ RunTime:0.000019s ]
INFO: [ app_init ] --END-- [ RunTime:0.000596s ]
INFO: [ app_begin ] --START--
INFO: Run Behavior\ReadHtmlCacheBehavior [ RunTime:0.000817s ]
INFO: [ app_begin ] --END-- [ RunTime:0.000920s ]
NOTIC: [2048] Declaration of Admin\Controller\ContentController::setStatus() should be compatible with Admin\Controller\CommonController::setStatus($data, $models) C:\wamp\www\news_cms\Application\Admin\Controller\ContentController.class.php 第 7 行.
NOTIC: [2048] Declaration of Admin\Controller\ContentController::listorder() should be compatible with Admin\Controller\CommonController::listorder($model = '') C:\wamp\www\news_cms\Application\Admin\Controller\ContentController.class.php 第 7 行.
NOTIC: [2048] Declaration of Common\Model\MenuModel::find() should be compatible with Think\Model::find($options = Array) C:\wamp\www\news_cms\Application\Common\Model\MenuModel.class.php 第 6 行.
SQL: SHOW COLUMNS FROM `cms_menu` [ RunTime:0.0007s ]
SQL: SELECT * FROM `cms_menu` WHERE `status` <> -1 AND `type` = 0 ORDER BY listorder desc,menu_id desc  [ RunTime:0.0004s ]
NOTIC: [8] Undefined index: title C:\wamp\www\news_cms\Application\Admin\Controller\ContentController.class.php 第 15 行.
NOTIC: [8] Undefined index: catid C:\wamp\www\news_cms\Application\Admin\Controller\ContentController.class.php 第 18 行.
NOTIC: [8] Undefined index: p C:\wamp\www\news_cms\Application\Admin\Controller\ContentController.class.php 第 22 行.
NOTIC: [2048] Declaration of Common\Model\NewsModel::find() should be compatible with Think\Model::find($options = Array) C:\wamp\www\news_cms\Application\Common\Model\NewsModel.class.php 第 81 行.
SQL: SHOW COLUMNS FROM `cms_news` [ RunTime:0.0005s ]
SQL: SELECT * FROM `cms_news` ORDER BY listorder desc,news_id desc LIMIT 0,2   [ RunTime:0.0003s ]
SQL: SELECT COUNT(*) AS tp_count FROM `cms_news` LIMIT 1   [ RunTime:0.0002s ]
INFO: [ view_parse ] --START--
INFO: [ template_filter ] --START--
INFO: Run Behavior\ContentReplaceBehavior [ RunTime:0.000100s ]
INFO: [ template_filter ] --END-- [ RunTime:0.000227s ]
NOTIC: [8] Undefined index: catid C:\wamp\www\news_cms\Application\Runtime\Cache\Admin\ccc9ced3ad798311a07cb47b740981c5.php 第 1 行.
NOTIC: [8] Undefined index: title C:\wamp\www\news_cms\Application\Runtime\Cache\Admin\ccc9ced3ad798311a07cb47b740981c5.php 第 1 行.
SQL: SELECT * FROM `cms_menu` WHERE `status` <> -1 AND `type` = 1 ORDER BY listorder desc,menu_id desc  [ RunTime:0.0005s ]
NOTIC: [8] Undefined variable: index C:\wamp\www\news_cms\Application\Runtime\Cache\Admin\ccc9ced3ad798311a07cb47b740981c5.php 第 75 行.
NOTIC: [8] Undefined variable: positions C:\wamp\www\news_cms\Application\Runtime\Cache\Admin\ccc9ced3ad798311a07cb47b740981c5.php 第 190 行.
INFO: Run Behavior\ParseTemplateBehavior [ RunTime:0.018867s ]
INFO: [ view_parse ] --END-- [ RunTime:0.018957s ]
INFO: [ view_filter ] --START--
INFO: Run Behavior\WriteHtmlCacheBehavior [ RunTime:0.000667s ]
INFO: [ view_filter ] --END-- [ RunTime:0.000756s ]
INFO: [ app_end ] --START--
INFO: Run Behavior\ShowPageTraceBehavior [ RunTime:0.000843s ]
INFO: [ app_end ] --END-- [ RunTime:0.000964s ]

[ 2017-08-04T14:42:21+08:00 ] ::1 /news_cms/admin.php?c=menu
INFO: [ app_init ] --START--
INFO: Run Behavior\BuildLiteBehavior [ RunTime:0.000019s ]
INFO: [ app_init ] --END-- [ RunTime:0.000560s ]
INFO: [ app_begin ] --START--
INFO: Run Behavior\ReadHtmlCacheBehavior [ RunTime:0.001008s ]
INFO: [ app_begin ] --END-- [ RunTime:0.001139s ]
NOTIC: [2048] Declaration of Admin\Controller\MenuController::setStatus() should be compatible with Admin\Controller\CommonController::setStatus($data, $models) C:\wamp\www\news_cms\Application\Admin\Controller\MenuController.class.php 第 7 行.
NOTIC: [2048] Declaration of Admin\Controller\MenuController::listorder() should be compatible with Admin\Controller\CommonController::listorder($model = '') C:\wamp\www\news_cms\Application\Admin\Controller\MenuController.class.php 第 7 行.
NOTIC: [8] Undefined index: p C:\wamp\www\news_cms\Application\Admin\Controller\MenuController.class.php 第 12 行.
NOTIC: [8] Undefined index: pageSize C:\wamp\www\news_cms\Application\Admin\Controller\MenuController.class.php 第 13 行.
NOTIC: [2048] Declaration of Common\Model\MenuModel::find() should be compatible with Think\Model::find($options = Array) C:\wamp\www\news_cms\Application\Common\Model\MenuModel.class.php 第 6 行.
SQL: SHOW COLUMNS FROM `cms_menu` [ RunTime:0.0006s ]
SQL: SELECT * FROM `cms_menu` WHERE `status` <> -1 ORDER BY listorder desc,menu_id desc LIMIT 0,5   [ RunTime:0.0004s ]
SQL: SELECT COUNT(*) AS tp_count FROM `cms_menu` WHERE `status` <> -1 LIMIT 1   [ RunTime:0.0003s ]
INFO: [ view_parse ] --START--
INFO: [ template_filter ] --START--
INFO: Run Behavior\ContentReplaceBehavior [ RunTime:0.000089s ]
INFO: [ template_filter ] --END-- [ RunTime:0.000210s ]
SQL: SELECT * FROM `cms_menu` WHERE `status` <> -1 AND `type` = 1 ORDER BY listorder desc,menu_id desc  [ RunTime:0.0007s ]
NOTIC: [8] Undefined variable: index C:\wamp\www\news_cms\Application\Runtime\Cache\Admin\b956215329b6f9aca22277599a4efdfc.php 第 76 行.
NOTIC: [8] Undefined variable: nav C:\wamp\www\news_cms\Application\Runtime\Cache\Admin\b956215329b6f9aca22277599a4efdfc.php 第 99 行.
INFO: Run Behavior\ParseTemplateBehavior [ RunTime:0.015322s ]
INFO: [ view_parse ] --END-- [ RunTime:0.015459s ]
INFO: [ view_filter ] --START--
INFO: Run Behavior\WriteHtmlCacheBehavior [ RunTime:0.000834s ]
INFO: [ view_filter ] --END-- [ RunTime:0.000956s ]
INFO: [ app_end ] --START--
INFO: Run Behavior\ShowPageTraceBehavior [ RunTime:0.000795s ]
INFO: [ app_end ] --END-- [ RunTime:0.000892s ]

[ 2017-08-04T14:42:23+08:00 ] ::1 /news_cms/admin.php?c=content
INFO: [ app_init ] --START--
INFO: Run Behavior\BuildLiteBehavior [ RunTime:0.000019s ]
INFO: [ app_init ] --END-- [ RunTime:0.000646s ]
INFO: [ app_begin ] --START--
INFO: Run Behavior\ReadHtmlCacheBehavior [ RunTime:0.000721s ]
INFO: [ app_begin ] --END-- [ RunTime:0.000824s ]
NOTIC: [2048] Declaration of Admin\Controller\ContentController::setStatus() should be compatible with Admin\Controller\CommonController::setStatus($data, $models) C:\wamp\www\news_cms\Application\Admin\Controller\ContentController.class.php 第 7 行.
NOTIC: [2048] Declaration of Admin\Controller\ContentController::listorder() should be compatible with Admin\Controller\CommonController::listorder($model = '') C:\wamp\www\news_cms\Application\Admin\Controller\ContentController.class.php 第 7 行.
NOTIC: [2048] Declaration of Common\Model\MenuModel::find() should be compatible with Think\Model::find($options = Array) C:\wamp\www\news_cms\Application\Common\Model\MenuModel.class.php 第 6 行.
SQL: SHOW COLUMNS FROM `cms_menu` [ RunTime:0.0006s ]
SQL: SELECT * FROM `cms_menu` WHERE `status` <> -1 AND `type` = 0 ORDER BY listorder desc,menu_id desc  [ RunTime:0.0005s ]
NOTIC: [8] Undefined index: title C:\wamp\www\news_cms\Application\Admin\Controller\ContentController.class.php 第 15 行.
NOTIC: [8] Undefined index: catid C:\wamp\www\news_cms\Application\Admin\Controller\ContentController.class.php 第 18 行.
NOTIC: [8] Undefined index: p C:\wamp\www\news_cms\Application\Admin\Controller\ContentController.class.php 第 22 行.
NOTIC: [2048] Declaration of Common\Model\NewsModel::find() should be compatible with Think\Model::find($options = Array) C:\wamp\www\news_cms\Application\Common\Model\NewsModel.class.php 第 81 行.
SQL: SHOW COLUMNS FROM `cms_news` [ RunTime:0.0006s ]
SQL: SELECT * FROM `cms_news` ORDER BY listorder desc,news_id desc LIMIT 0,2   [ RunTime:0.0004s ]
SQL: SELECT COUNT(*) AS tp_count FROM `cms_news` LIMIT 1   [ RunTime:0.0002s ]
INFO: [ view_parse ] --START--
INFO: [ template_filter ] --START--
INFO: Run Behavior\ContentReplaceBehavior [ RunTime:0.000092s ]
INFO: [ template_filter ] --END-- [ RunTime:0.000185s ]
NOTIC: [8] Undefined index: catid C:\wamp\www\news_cms\Application\Runtime\Cache\Admin\ccc9ced3ad798311a07cb47b740981c5.php 第 1 行.
NOTIC: [8] Undefined index: title C:\wamp\www\news_cms\Application\Runtime\Cache\Admin\ccc9ced3ad798311a07cb47b740981c5.php 第 1 行.
SQL: SELECT * FROM `cms_menu` WHERE `status` <> -1 AND `type` = 1 ORDER BY listorder desc,menu_id desc  [ RunTime:0.0006s ]
NOTIC: [8] Undefined variable: index C:\wamp\www\news_cms\Application\Runtime\Cache\Admin\ccc9ced3ad798311a07cb47b740981c5.php 第 75 行.
NOTIC: [8] Undefined variable: positions C:\wamp\www\news_cms\Application\Runtime\Cache\Admin\ccc9ced3ad798311a07cb47b740981c5.php 第 190 行.
INFO: Run Behavior\ParseTemplateBehavior [ RunTime:0.018073s ]
INFO: [ view_parse ] --END-- [ RunTime:0.018163s ]
INFO: [ view_filter ] --START--
INFO: Run Behavior\WriteHtmlCacheBehavior [ RunTime:0.000593s ]
INFO: [ view_filter ] --END-- [ RunTime:0.000681s ]
INFO: [ app_end ] --START--
INFO: Run Behavior\ShowPageTraceBehavior [ RunTime:0.000735s ]
INFO: [ app_end ] --END-- [ RunTime:0.000835s ]

[ 2017-08-04T14:43:36+08:00 ] ::1 /news_cms/admin.php?c=content
INFO: [ app_init ] --START--
INFO: Run Behavior\BuildLiteBehavior [ RunTime:0.000020s ]
INFO: [ app_init ] --END-- [ RunTime:0.000607s ]
INFO: [ app_begin ] --START--
INFO: Run Behavior\ReadHtmlCacheBehavior [ RunTime:0.000943s ]
INFO: [ app_begin ] --END-- [ RunTime:0.001069s ]
NOTIC: [2048] Declaration of Admin\Controller\ContentController::setStatus() should be compatible with Admin\Controller\CommonController::setStatus($data, $models) C:\wamp\www\news_cms\Application\Admin\Controller\ContentController.class.php 第 7 行.
NOTIC: [2048] Declaration of Admin\Controller\ContentController::listorder() should be compatible with Admin\Controller\CommonController::listorder($model = '') C:\wamp\www\news_cms\Application\Admin\Controller\ContentController.class.php 第 7 行.
NOTIC: [2048] Declaration of Common\Model\MenuModel::find() should be compatible with Think\Model::find($options = Array) C:\wamp\www\news_cms\Application\Common\Model\MenuModel.class.php 第 6 行.
SQL: SHOW COLUMNS FROM `cms_menu` [ RunTime:0.0006s ]
SQL: SELECT * FROM `cms_menu` WHERE `status` <> -1 AND `type` = 0 ORDER BY listorder desc,menu_id desc  [ RunTime:0.0004s ]
NOTIC: [8] Undefined index: title C:\wamp\www\news_cms\Application\Admin\Controller\ContentController.class.php 第 15 行.
NOTIC: [8] Undefined index: catid C:\wamp\www\news_cms\Application\Admin\Controller\ContentController.class.php 第 18 行.
NOTIC: [8] Undefined index: p C:\wamp\www\news_cms\Application\Admin\Controller\ContentController.class.php 第 22 行.
NOTIC: [2048] Declaration of Common\Model\NewsModel::find() should be compatible with Think\Model::find($options = Array) C:\wamp\www\news_cms\Application\Common\Model\NewsModel.class.php 第 81 行.
SQL: SHOW COLUMNS FROM `cms_news` [ RunTime:0.0006s ]
SQL: SELECT * FROM `cms_news` ORDER BY listorder desc,news_id desc LIMIT 0,2   [ RunTime:0.0005s ]
SQL: SELECT COUNT(*) AS tp_count FROM `cms_news` LIMIT 1   [ RunTime:0.0002s ]
INFO: [ view_parse ] --START--
INFO: [ template_filter ] --START--
INFO: Run Behavior\ContentReplaceBehavior [ RunTime:0.000083s ]
INFO: [ template_filter ] --END-- [ RunTime:0.000203s ]
NOTIC: [8] Undefined index: catid C:\wamp\www\news_cms\Application\Runtime\Cache\Admin\ccc9ced3ad798311a07cb47b740981c5.php 第 1 行.
NOTIC: [8] Undefined index: title C:\wamp\www\news_cms\Application\Runtime\Cache\Admin\ccc9ced3ad798311a07cb47b740981c5.php 第 1 行.
SQL: SELECT * FROM `cms_menu` WHERE `status` <> -1 AND `type` = 1 ORDER BY listorder desc,menu_id desc  [ RunTime:0.0005s ]
NOTIC: [8] Undefined variable: index C:\wamp\www\news_cms\Application\Runtime\Cache\Admin\ccc9ced3ad798311a07cb47b740981c5.php 第 75 行.
NOTIC: [8] Undefined variable: positions C:\wamp\www\news_cms\Application\Runtime\Cache\Admin\ccc9ced3ad798311a07cb47b740981c5.php 第 190 行.
INFO: Run Behavior\ParseTemplateBehavior [ RunTime:0.017570s ]
INFO: [ view_parse ] --END-- [ RunTime:0.017715s ]
INFO: [ view_filter ] --START--
INFO: Run Behavior\WriteHtmlCacheBehavior [ RunTime:0.001162s ]
INFO: [ view_filter ] --END-- [ RunTime:0.001265s ]
INFO: [ app_end ] --START--
INFO: Run Behavior\ShowPageTraceBehavior [ RunTime:0.000801s ]
INFO: [ app_end ] --END-- [ RunTime:0.000902s ]

[ 2017-08-04T14:45:45+08:00 ] ::1 /news_cms/admin.php?c=content
INFO: [ app_init ] --START--
INFO: Run Behavior\BuildLiteBehavior [ RunTime:0.000021s ]
INFO: [ app_init ] --END-- [ RunTime:0.000615s ]
INFO: [ app_begin ] --START--
INFO: Run Behavior\ReadHtmlCacheBehavior [ RunTime:0.000848s ]
INFO: [ app_begin ] --END-- [ RunTime:0.000953s ]
NOTIC: [2048] Declaration of Admin\Controller\ContentController::setStatus() should be compatible with Admin\Controller\CommonController::setStatus($data, $models) C:\wamp\www\news_cms\Application\Admin\Controller\ContentController.class.php 第 7 行.
NOTIC: [2048] Declaration of Admin\Controller\ContentController::listorder() should be compatible with Admin\Controller\CommonController::listorder($model = '') C:\wamp\www\news_cms\Application\Admin\Controller\ContentController.class.php 第 7 行.
NOTIC: [2048] Declaration of Common\Model\MenuModel::find() should be compatible with Think\Model::find($options = Array) C:\wamp\www\news_cms\Application\Common\Model\MenuModel.class.php 第 6 行.
SQL: SHOW COLUMNS FROM `cms_menu` [ RunTime:0.0006s ]
SQL: SELECT * FROM `cms_menu` WHERE `status` <> -1 AND `type` = 0 ORDER BY listorder desc,menu_id desc  [ RunTime:0.0004s ]
NOTIC: [8] Undefined index: title C:\wamp\www\news_cms\Application\Admin\Controller\ContentController.class.php 第 15 行.
NOTIC: [8] Undefined index: catid C:\wamp\www\news_cms\Application\Admin\Controller\ContentController.class.php 第 18 行.
NOTIC: [8] Undefined index: p C:\wamp\www\news_cms\Application\Admin\Controller\ContentController.class.php 第 22 行.
NOTIC: [2048] Declaration of Common\Model\NewsModel::find() should be compatible with Think\Model::find($options = Array) C:\wamp\www\news_cms\Application\Common\Model\NewsModel.class.php 第 81 行.
SQL: SHOW COLUMNS FROM `cms_news` [ RunTime:0.0006s ]
SQL: SELECT * FROM `cms_news` ORDER BY listorder desc,news_id desc LIMIT 0,2   [ RunTime:0.0003s ]
SQL: SELECT COUNT(*) AS tp_count FROM `cms_news` LIMIT 1   [ RunTime:0.0002s ]
INFO: [ view_parse ] --START--
INFO: [ template_filter ] --START--
INFO: Run Behavior\ContentReplaceBehavior [ RunTime:0.000081s ]
INFO: [ template_filter ] --END-- [ RunTime:0.000174s ]
NOTIC: [8] Undefined index: catid C:\wamp\www\news_cms\Application\Runtime\Cache\Admin\ccc9ced3ad798311a07cb47b740981c5.php 第 1 行.
NOTIC: [8] Undefined index: title C:\wamp\www\news_cms\Application\Runtime\Cache\Admin\ccc9ced3ad798311a07cb47b740981c5.php 第 1 行.
SQL: SELECT * FROM `cms_menu` WHERE `status` <> -1 AND `type` = 1 ORDER BY listorder desc,menu_id desc  [ RunTime:0.0010s ]
NOTIC: [8] Undefined variable: index C:\wamp\www\news_cms\Application\Runtime\Cache\Admin\ccc9ced3ad798311a07cb47b740981c5.php 第 75 行.
NOTIC: [8] Undefined variable: positions C:\wamp\www\news_cms\Application\Runtime\Cache\Admin\ccc9ced3ad798311a07cb47b740981c5.php 第 190 行.
INFO: Run Behavior\ParseTemplateBehavior [ RunTime:0.018368s ]
INFO: [ view_parse ] --END-- [ RunTime:0.018460s ]
INFO: [ view_filter ] --START--
INFO: Run Behavior\WriteHtmlCacheBehavior [ RunTime:0.000718s ]
INFO: [ view_filter ] --END-- [ RunTime:0.000807s ]
INFO: [ app_end ] --START--
INFO: Run Behavior\ShowPageTraceBehavior [ RunTime:0.000778s ]
INFO: [ app_end ] --END-- [ RunTime:0.000874s ]

[ 2017-08-04T14:45:49+08:00 ] ::1 /news_cms/admin.php?c=content&a=listorder
INFO: [ app_init ] --START--
INFO: Run Behavior\BuildLiteBehavior [ RunTime:0.000020s ]
INFO: [ app_init ] --END-- [ RunTime:0.000487s ]
INFO: [ app_begin ] --START--
INFO: Run Behavior\ReadHtmlCacheBehavior [ RunTime:0.000826s ]
INFO: [ app_begin ] --END-- [ RunTime:0.000915s ]
NOTIC: [2048] Declaration of Admin\Controller\ContentController::setStatus() should be compatible with Admin\Controller\CommonController::setStatus($data, $models) C:\wamp\www\news_cms\Application\Admin\Controller\ContentController.class.php 第 7 行.
NOTIC: [2048] Declaration of Admin\Controller\ContentController::listorder() should be compatible with Admin\Controller\CommonController::listorder($model = '') C:\wamp\www\news_cms\Application\Admin\Controller\ContentController.class.php 第 7 行.
INFO: [ app_end ] --START--
INFO: Run Behavior\ShowPageTraceBehavior [ RunTime:0.000977s ]
INFO: [ app_end ] --END-- [ RunTime:0.001100s ]

[ 2017-08-04T15:14:05+08:00 ] ::1 /news_cms/admin.php?c=menu
INFO: [ app_init ] --START--
INFO: Run Behavior\BuildLiteBehavior [ RunTime:0.000022s ]
INFO: [ app_init ] --END-- [ RunTime:0.000637s ]
INFO: [ app_begin ] --START--
INFO: Run Behavior\ReadHtmlCacheBehavior [ RunTime:0.000782s ]
INFO: [ app_begin ] --END-- [ RunTime:0.000887s ]
NOTIC: [2048] Declaration of Admin\Controller\MenuController::setStatus() should be compatible with Admin\Controller\CommonController::setStatus($data, $models) C:\wamp\www\news_cms\Application\Admin\Controller\MenuController.class.php 第 7 行.
NOTIC: [2048] Declaration of Admin\Controller\MenuController::listorder() should be compatible with Admin\Controller\CommonController::listorder($model = '') C:\wamp\www\news_cms\Application\Admin\Controller\MenuController.class.php 第 7 行.
NOTIC: [8] Undefined index: p C:\wamp\www\news_cms\Application\Admin\Controller\MenuController.class.php 第 12 行.
NOTIC: [8] Undefined index: pageSize C:\wamp\www\news_cms\Application\Admin\Controller\MenuController.class.php 第 13 行.
NOTIC: [2048] Declaration of Common\Model\MenuModel::find() should be compatible with Think\Model::find($options = Array) C:\wamp\www\news_cms\Application\Common\Model\MenuModel.class.php 第 6 行.
SQL: SHOW COLUMNS FROM `cms_menu` [ RunTime:0.0008s ]
SQL: SELECT * FROM `cms_menu` WHERE `status` <> -1 ORDER BY listorder desc,menu_id desc LIMIT 0,5   [ RunTime:0.0004s ]
SQL: SELECT COUNT(*) AS tp_count FROM `cms_menu` WHERE `status` <> -1 LIMIT 1   [ RunTime:0.0003s ]
INFO: [ view_parse ] --START--
INFO: [ template_filter ] --START--
INFO: Run Behavior\ContentReplaceBehavior [ RunTime:0.000076s ]
INFO: [ template_filter ] --END-- [ RunTime:0.000171s ]
SQL: SELECT * FROM `cms_menu` WHERE `status` <> -1 AND `type` = 1 ORDER BY listorder desc,menu_id desc  [ RunTime:0.0006s ]
NOTIC: [8] Undefined variable: index C:\wamp\www\news_cms\Application\Runtime\Cache\Admin\b956215329b6f9aca22277599a4efdfc.php 第 76 行.
NOTIC: [8] Undefined variable: nav C:\wamp\www\news_cms\Application\Runtime\Cache\Admin\b956215329b6f9aca22277599a4efdfc.php 第 99 行.
INFO: Run Behavior\ParseTemplateBehavior [ RunTime:0.015779s ]
INFO: [ view_parse ] --END-- [ RunTime:0.015870s ]
INFO: [ view_filter ] --START--
INFO: Run Behavior\WriteHtmlCacheBehavior [ RunTime:0.000749s ]
INFO: [ view_filter ] --END-- [ RunTime:0.000834s ]
INFO: [ app_end ] --START--
INFO: Run Behavior\ShowPageTraceBehavior [ RunTime:0.000960s ]
INFO: [ app_end ] --END-- [ RunTime:0.001091s ]

[ 2017-08-04T15:14:10+08:00 ] ::1 /news_cms/admin.php?c=menu&a=listorder
INFO: [ app_init ] --START--
INFO: Run Behavior\BuildLiteBehavior [ RunTime:0.000021s ]
INFO: [ app_init ] --END-- [ RunTime:0.000566s ]
INFO: [ app_begin ] --START--
INFO: Run Behavior\ReadHtmlCacheBehavior [ RunTime:0.000886s ]
INFO: [ app_begin ] --END-- [ RunTime:0.001001s ]
NOTIC: [2048] Declaration of Admin\Controller\MenuController::setStatus() should be compatible with Admin\Controller\CommonController::setStatus($data, $models) C:\wamp\www\news_cms\Application\Admin\Controller\MenuController.class.php 第 7 行.
NOTIC: [2048] Declaration of Admin\Controller\MenuController::listorder() should be compatible with Admin\Controller\CommonController::listorder($model = '') C:\wamp\www\news_cms\Application\Admin\Controller\MenuController.class.php 第 7 行.
NOTIC: [2048] Declaration of Common\Model\MenuModel::find() should be compatible with Think\Model::find($options = Array) C:\wamp\www\news_cms\Application\Common\Model\MenuModel.class.php 第 6 行.
SQL: SHOW COLUMNS FROM `cms_menu` [ RunTime:0.0007s ]
SQL: UPDATE `cms_menu` SET `listorder`='10' WHERE ( menu_id=1 ) [ RunTime:0.0003s ]
SQL: UPDATE `cms_menu` SET `listorder`='9' WHERE ( menu_id=6 ) [ RunTime:0.0002s ]
SQL: UPDATE `cms_menu` SET `listorder`='4' WHERE ( menu_id=9 ) [ RunTime:0.0003s ]
SQL: UPDATE `cms_menu` SET `listorder`='5' WHERE ( menu_id=8 ) [ RunTime:0.0003s ]
SQL: UPDATE `cms_menu` SET `listorder`='4' WHERE ( menu_id=3 ) [ RunTime:0.0003s ]
NOTIC: [2] Missing argument 3 for show(), called in C:\wamp\www\news_cms\Application\Admin\Controller\MenuController.class.php on line 129 and defined C:\wamp\www\news_cms\Application\Common\Common\function.php 第 5 行.
NOTIC: [8] Undefined variable: data C:\wamp\www\news_cms\Application\Common\Common\function.php 第 10 行.

[ 2017-08-04T15:14:11+08:00 ] ::1 /news_cms/admin.php?c=menu
INFO: [ app_init ] --START--
INFO: Run Behavior\BuildLiteBehavior [ RunTime:0.000021s ]
INFO: [ app_init ] --END-- [ RunTime:0.000599s ]
INFO: [ app_begin ] --START--
INFO: Run Behavior\ReadHtmlCacheBehavior [ RunTime:0.000953s ]
INFO: [ app_begin ] --END-- [ RunTime:0.001059s ]
NOTIC: [2048] Declaration of Admin\Controller\MenuController::setStatus() should be compatible with Admin\Controller\CommonController::setStatus($data, $models) C:\wamp\www\news_cms\Application\Admin\Controller\MenuController.class.php 第 7 行.
NOTIC: [2048] Declaration of Admin\Controller\MenuController::listorder() should be compatible with Admin\Controller\CommonController::listorder($model = '') C:\wamp\www\news_cms\Application\Admin\Controller\MenuController.class.php 第 7 行.
NOTIC: [8] Undefined index: p C:\wamp\www\news_cms\Application\Admin\Controller\MenuController.class.php 第 12 行.
NOTIC: [8] Undefined index: pageSize C:\wamp\www\news_cms\Application\Admin\Controller\MenuController.class.php 第 13 行.
NOTIC: [2048] Declaration of Common\Model\MenuModel::find() should be compatible with Think\Model::find($options = Array) C:\wamp\www\news_cms\Application\Common\Model\MenuModel.class.php 第 6 行.
SQL: SHOW COLUMNS FROM `cms_menu` [ RunTime:0.0007s ]
SQL: SELECT * FROM `cms_menu` WHERE `status` <> -1 ORDER BY listorder desc,menu_id desc LIMIT 0,5   [ RunTime:0.0004s ]
SQL: SELECT COUNT(*) AS tp_count FROM `cms_menu` WHERE `status` <> -1 LIMIT 1   [ RunTime:0.0003s ]
INFO: [ view_parse ] --START--
INFO: [ template_filter ] --START--
INFO: Run Behavior\ContentReplaceBehavior [ RunTime:0.000078s ]
INFO: [ template_filter ] --END-- [ RunTime:0.000176s ]
SQL: SELECT * FROM `cms_menu` WHERE `status` <> -1 AND `type` = 1 ORDER BY listorder desc,menu_id desc  [ RunTime:0.0006s ]
NOTIC: [8] Undefined variable: index C:\wamp\www\news_cms\Application\Runtime\Cache\Admin\b956215329b6f9aca22277599a4efdfc.php 第 76 行.
NOTIC: [8] Undefined variable: nav C:\wamp\www\news_cms\Application\Runtime\Cache\Admin\b956215329b6f9aca22277599a4efdfc.php 第 99 行.
INFO: Run Behavior\ParseTemplateBehavior [ RunTime:0.015586s ]
INFO: [ view_parse ] --END-- [ RunTime:0.015674s ]
INFO: [ view_filter ] --START--
INFO: Run Behavior\WriteHtmlCacheBehavior [ RunTime:0.000688s ]
INFO: [ view_filter ] --END-- [ RunTime:0.000771s ]
INFO: [ app_end ] --START--
INFO: Run Behavior\ShowPageTraceBehavior [ RunTime:0.000962s ]
INFO: [ app_end ] --END-- [ RunTime:0.001106s ]

[ 2017-08-04T15:33:00+08:00 ] ::1 /news_cms/admin.php?c=content
INFO: [ app_init ] --START--
INFO: Run Behavior\BuildLiteBehavior [ RunTime:0.000021s ]
INFO: [ app_init ] --END-- [ RunTime:0.000588s ]
INFO: [ app_begin ] --START--
INFO: Run Behavior\ReadHtmlCacheBehavior [ RunTime:0.000694s ]
INFO: [ app_begin ] --END-- [ RunTime:0.000797s ]
NOTIC: [2048] Declaration of Admin\Controller\ContentController::setStatus() should be compatible with Admin\Controller\CommonController::setStatus($data, $models) C:\wamp\www\news_cms\Application\Admin\Controller\ContentController.class.php 第 7 行.
NOTIC: [2048] Declaration of Admin\Controller\ContentController::listorder() should be compatible with Admin\Controller\CommonController::listorder($model = '') C:\wamp\www\news_cms\Application\Admin\Controller\ContentController.class.php 第 7 行.
NOTIC: [2048] Declaration of Common\Model\MenuModel::find() should be compatible with Think\Model::find($options = Array) C:\wamp\www\news_cms\Application\Common\Model\MenuModel.class.php 第 6 行.
SQL: SHOW COLUMNS FROM `cms_menu` [ RunTime:0.0009s ]
SQL: SELECT * FROM `cms_menu` WHERE `status` <> -1 AND `type` = 0 ORDER BY listorder desc,menu_id desc  [ RunTime:0.0005s ]
NOTIC: [8] Undefined index: title C:\wamp\www\news_cms\Application\Admin\Controller\ContentController.class.php 第 15 行.
NOTIC: [8] Undefined index: catid C:\wamp\www\news_cms\Application\Admin\Controller\ContentController.class.php 第 18 行.
NOTIC: [8] Undefined index: p C:\wamp\www\news_cms\Application\Admin\Controller\ContentController.class.php 第 22 行.
NOTIC: [2048] Declaration of Common\Model\NewsModel::find() should be compatible with Think\Model::find($options = Array) C:\wamp\www\news_cms\Application\Common\Model\NewsModel.class.php 第 81 行.
SQL: SHOW COLUMNS FROM `cms_news` [ RunTime:0.0006s ]
SQL: SELECT * FROM `cms_news` ORDER BY listorder desc,news_id desc LIMIT 0,2   [ RunTime:0.0004s ]
SQL: SELECT COUNT(*) AS tp_count FROM `cms_news` LIMIT 1   [ RunTime:0.0002s ]
INFO: [ view_parse ] --START--
INFO: [ template_filter ] --START--
INFO: Run Behavior\ContentReplaceBehavior [ RunTime:0.000084s ]
INFO: [ template_filter ] --END-- [ RunTime:0.000172s ]
NOTIC: [8] Undefined index: catid C:\wamp\www\news_cms\Application\Runtime\Cache\Admin\ccc9ced3ad798311a07cb47b740981c5.php 第 1 行.
NOTIC: [8] Undefined index: title C:\wamp\www\news_cms\Application\Runtime\Cache\Admin\ccc9ced3ad798311a07cb47b740981c5.php 第 1 行.
SQL: SELECT * FROM `cms_menu` WHERE `status` <> -1 AND `type` = 1 ORDER BY listorder desc,menu_id desc  [ RunTime:0.0008s ]
NOTIC: [8] Undefined variable: index C:\wamp\www\news_cms\Application\Runtime\Cache\Admin\ccc9ced3ad798311a07cb47b740981c5.php 第 75 行.
NOTIC: [8] Undefined variable: positions C:\wamp\www\news_cms\Application\Runtime\Cache\Admin\ccc9ced3ad798311a07cb47b740981c5.php 第 190 行.
INFO: Run Behavior\ParseTemplateBehavior [ RunTime:0.019205s ]
INFO: [ view_parse ] --END-- [ RunTime:0.019301s ]
INFO: [ view_filter ] --START--
INFO: Run Behavior\WriteHtmlCacheBehavior [ RunTime:0.000644s ]
INFO: [ view_filter ] --END-- [ RunTime:0.000732s ]
INFO: [ app_end ] --START--
INFO: Run Behavior\ShowPageTraceBehavior [ RunTime:0.000703s ]
INFO: [ app_end ] --END-- [ RunTime:0.000797s ]

[ 2017-08-04T15:33:01+08:00 ] ::1 /news_cms/admin.php?c=content&a=listorder
INFO: [ app_init ] --START--
INFO: Run Behavior\BuildLiteBehavior [ RunTime:0.000022s ]
INFO: [ app_init ] --END-- [ RunTime:0.000538s ]
INFO: [ app_begin ] --START--
INFO: Run Behavior\ReadHtmlCacheBehavior [ RunTime:0.000765s ]
INFO: [ app_begin ] --END-- [ RunTime:0.000857s ]
NOTIC: [2048] Declaration of Admin\Controller\ContentController::setStatus() should be compatible with Admin\Controller\CommonController::setStatus($data, $models) C:\wamp\www\news_cms\Application\Admin\Controller\ContentController.class.php 第 7 行.
NOTIC: [2048] Declaration of Admin\Controller\ContentController::listorder() should be compatible with Admin\Controller\CommonController::listorder($model = '') C:\wamp\www\news_cms\Application\Admin\Controller\ContentController.class.php 第 7 行.
INFO: [ app_end ] --START--
INFO: Run Behavior\ShowPageTraceBehavior [ RunTime:0.000974s ]
INFO: [ app_end ] --END-- [ RunTime:0.001096s ]

[ 2017-08-04T15:33:08+08:00 ] ::1 /news_cms/admin.php?c=content&a=listorder
INFO: [ app_init ] --START--
INFO: Run Behavior\BuildLiteBehavior [ RunTime:0.000019s ]
INFO: [ app_init ] --END-- [ RunTime:0.000480s ]
INFO: [ app_begin ] --START--
INFO: Run Behavior\ReadHtmlCacheBehavior [ RunTime:0.000796s ]
INFO: [ app_begin ] --END-- [ RunTime:0.000883s ]
NOTIC: [2048] Declaration of Admin\Controller\ContentController::setStatus() should be compatible with Admin\Controller\CommonController::setStatus($data, $models) C:\wamp\www\news_cms\Application\Admin\Controller\ContentController.class.php 第 7 行.
NOTIC: [2048] Declaration of Admin\Controller\ContentController::listorder() should be compatible with Admin\Controller\CommonController::listorder($model = '') C:\wamp\www\news_cms\Application\Admin\Controller\ContentController.class.php 第 7 行.
INFO: [ app_end ] --START--
INFO: Run Behavior\ShowPageTraceBehavior [ RunTime:0.001207s ]
INFO: [ app_end ] --END-- [ RunTime:0.001298s ]

[ 2017-08-04T15:36:17+08:00 ] ::1 /news_cms/admin.php?c=content
INFO: [ app_init ] --START--
INFO: Run Behavior\BuildLiteBehavior [ RunTime:0.000055s ]
INFO: [ app_init ] --END-- [ RunTime:0.000518s ]
INFO: [ app_begin ] --START--
INFO: Run Behavior\ReadHtmlCacheBehavior [ RunTime:0.000883s ]
INFO: [ app_begin ] --END-- [ RunTime:0.000999s ]
NOTIC: [2048] Declaration of Admin\Controller\ContentController::setStatus() should be compatible with Admin\Controller\CommonController::setStatus($data, $models) C:\wamp\www\news_cms\Application\Admin\Controller\ContentController.class.php 第 7 行.
NOTIC: [2048] Declaration of Admin\Controller\ContentController::listorder() should be compatible with Admin\Controller\CommonController::listorder($model = '') C:\wamp\www\news_cms\Application\Admin\Controller\ContentController.class.php 第 7 行.
NOTIC: [2048] Declaration of Common\Model\MenuModel::find() should be compatible with Think\Model::find($options = Array) C:\wamp\www\news_cms\Application\Common\Model\MenuModel.class.php 第 6 行.
SQL: SHOW COLUMNS FROM `cms_menu` [ RunTime:0.0006s ]
SQL: SELECT * FROM `cms_menu` WHERE `status` <> -1 AND `type` = 0 ORDER BY listorder desc,menu_id desc  [ RunTime:0.0004s ]
NOTIC: [8] Undefined index: title C:\wamp\www\news_cms\Application\Admin\Controller\ContentController.class.php 第 15 行.
NOTIC: [8] Undefined index: catid C:\wamp\www\news_cms\Application\Admin\Controller\ContentController.class.php 第 18 行.
NOTIC: [8] Undefined index: p C:\wamp\www\news_cms\Application\Admin\Controller\ContentController.class.php 第 22 行.
NOTIC: [2048] Declaration of Common\Model\NewsModel::find() should be compatible with Think\Model::find($options = Array) C:\wamp\www\news_cms\Application\Common\Model\NewsModel.class.php 第 81 行.
SQL: SHOW COLUMNS FROM `cms_news` [ RunTime:0.0005s ]
SQL: SELECT * FROM `cms_news` ORDER BY listorder desc,news_id desc LIMIT 0,2   [ RunTime:0.0003s ]
SQL: SELECT COUNT(*) AS tp_count FROM `cms_news` LIMIT 1   [ RunTime:0.0002s ]
INFO: [ view_parse ] --START--
INFO: [ template_filter ] --START--
INFO: Run Behavior\ContentReplaceBehavior [ RunTime:0.000082s ]
INFO: [ template_filter ] --END-- [ RunTime:0.000176s ]
NOTIC: [8] Undefined index: catid C:\wamp\www\news_cms\Application\Runtime\Cache\Admin\ccc9ced3ad798311a07cb47b740981c5.php 第 1 行.
NOTIC: [8] Undefined index: title C:\wamp\www\news_cms\Application\Runtime\Cache\Admin\ccc9ced3ad798311a07cb47b740981c5.php 第 1 行.
SQL: SELECT * FROM `cms_menu` WHERE `status` <> -1 AND `type` = 1 ORDER BY listorder desc,menu_id desc  [ RunTime:0.0006s ]
NOTIC: [8] Undefined variable: index C:\wamp\www\news_cms\Application\Runtime\Cache\Admin\ccc9ced3ad798311a07cb47b740981c5.php 第 75 行.
NOTIC: [8] Undefined variable: positions C:\wamp\www\news_cms\Application\Runtime\Cache\Admin\ccc9ced3ad798311a07cb47b740981c5.php 第 190 行.
INFO: Run Behavior\ParseTemplateBehavior [ RunTime:0.018546s ]
INFO: [ view_parse ] --END-- [ RunTime:0.018636s ]
INFO: [ view_filter ] --START--
INFO: Run Behavior\WriteHtmlCacheBehavior [ RunTime:0.000703s ]
INFO: [ view_filter ] --END-- [ RunTime:0.000787s ]
INFO: [ app_end ] --START--
INFO: Run Behavior\ShowPageTraceBehavior [ RunTime:0.000852s ]
INFO: [ app_end ] --END-- [ RunTime:0.000947s ]

[ 2017-08-04T15:36:20+08:00 ] ::1 /news_cms/admin.php?c=content&a=listorder
INFO: [ app_init ] --START--
INFO: Run Behavior\BuildLiteBehavior [ RunTime:0.000025s ]
INFO: [ app_init ] --END-- [ RunTime:0.000600s ]
INFO: [ app_begin ] --START--
INFO: Run Behavior\ReadHtmlCacheBehavior [ RunTime:0.000936s ]
INFO: [ app_begin ] --END-- [ RunTime:0.001040s ]
NOTIC: [2048] Declaration of Admin\Controller\ContentController::setStatus() should be compatible with Admin\Controller\CommonController::setStatus($data, $models) C:\wamp\www\news_cms\Application\Admin\Controller\ContentController.class.php 第 7 行.
NOTIC: [2048] Declaration of Admin\Controller\ContentController::listorder() should be compatible with Admin\Controller\CommonController::listorder($model = '') C:\wamp\www\news_cms\Application\Admin\Controller\ContentController.class.php 第 7 行.
INFO: [ app_end ] --START--
INFO: Run Behavior\ShowPageTraceBehavior [ RunTime:0.000744s ]
INFO: [ app_end ] --END-- [ RunTime:0.000820s ]

[ 2017-08-04T15:49:26+08:00 ] ::1 /news_cms/admin.php?c=content
INFO: [ app_init ] --START--
INFO: Run Behavior\BuildLiteBehavior [ RunTime:0.000019s ]
INFO: [ app_init ] --END-- [ RunTime:0.000534s ]
INFO: [ app_begin ] --START--
INFO: Run Behavior\ReadHtmlCacheBehavior [ RunTime:0.001042s ]
INFO: [ app_begin ] --END-- [ RunTime:0.001156s ]
NOTIC: [2048] Declaration of Admin\Controller\ContentController::setStatus() should be compatible with Admin\Controller\CommonController::setStatus($data, $models) C:\wamp\www\news_cms\Application\Admin\Controller\ContentController.class.php 第 7 行.
NOTIC: [2048] Declaration of Admin\Controller\ContentController::listorder() should be compatible with Admin\Controller\CommonController::listorder($model = '') C:\wamp\www\news_cms\Application\Admin\Controller\ContentController.class.php 第 7 行.
NOTIC: [2048] Declaration of Common\Model\MenuModel::find() should be compatible with Think\Model::find($options = Array) C:\wamp\www\news_cms\Application\Common\Model\MenuModel.class.php 第 6 行.
SQL: SHOW COLUMNS FROM `cms_menu` [ RunTime:0.0007s ]
SQL: SELECT * FROM `cms_menu` WHERE `status` <> -1 AND `type` = 0 ORDER BY listorder desc,menu_id desc  [ RunTime:0.0004s ]
NOTIC: [8] Undefined index: title C:\wamp\www\news_cms\Application\Admin\Controller\ContentController.class.php 第 15 行.
NOTIC: [8] Undefined index: catid C:\wamp\www\news_cms\Application\Admin\Controller\ContentController.class.php 第 18 行.
NOTIC: [8] Undefined index: p C:\wamp\www\news_cms\Application\Admin\Controller\ContentController.class.php 第 22 行.
NOTIC: [2048] Declaration of Common\Model\NewsModel::find() should be compatible with Think\Model::find($options = Array) C:\wamp\www\news_cms\Application\Common\Model\NewsModel.class.php 第 92 行.
SQL: SHOW COLUMNS FROM `cms_news` [ RunTime:0.0007s ]
SQL: SELECT * FROM `cms_news` ORDER BY listorder desc,news_id desc LIMIT 0,2   [ RunTime:0.0004s ]
SQL: SELECT COUNT(*) AS tp_count FROM `cms_news` LIMIT 1   [ RunTime:0.0002s ]
INFO: [ view_parse ] --START--
INFO: [ template_filter ] --START--
INFO: Run Behavior\ContentReplaceBehavior [ RunTime:0.000114s ]
INFO: [ template_filter ] --END-- [ RunTime:0.000218s ]
NOTIC: [8] Undefined index: catid C:\wamp\www\news_cms\Application\Runtime\Cache\Admin\ccc9ced3ad798311a07cb47b740981c5.php 第 1 行.
NOTIC: [8] Undefined index: title C:\wamp\www\news_cms\Application\Runtime\Cache\Admin\ccc9ced3ad798311a07cb47b740981c5.php 第 1 行.
SQL: SELECT * FROM `cms_menu` WHERE `status` <> -1 AND `type` = 1 ORDER BY listorder desc,menu_id desc  [ RunTime:0.0006s ]
NOTIC: [8] Undefined variable: index C:\wamp\www\news_cms\Application\Runtime\Cache\Admin\ccc9ced3ad798311a07cb47b740981c5.php 第 75 行.
NOTIC: [8] Undefined variable: positions C:\wamp\www\news_cms\Application\Runtime\Cache\Admin\ccc9ced3ad798311a07cb47b740981c5.php 第 190 行.
INFO: Run Behavior\ParseTemplateBehavior [ RunTime:0.018397s ]
INFO: [ view_parse ] --END-- [ RunTime:0.018485s ]
INFO: [ view_filter ] --START--
INFO: Run Behavior\WriteHtmlCacheBehavior [ RunTime:0.000672s ]
INFO: [ view_filter ] --END-- [ RunTime:0.000755s ]
INFO: [ app_end ] --START--
INFO: Run Behavior\ShowPageTraceBehavior [ RunTime:0.000797s ]
INFO: [ app_end ] --END-- [ RunTime:0.000911s ]

[ 2017-08-04T15:49:29+08:00 ] ::1 /news_cms/admin.php?c=content&a=listorder
INFO: [ app_init ] --START--
INFO: Run Behavior\BuildLiteBehavior [ RunTime:0.000020s ]
INFO: [ app_init ] --END-- [ RunTime:0.000499s ]
INFO: [ app_begin ] --START--
INFO: Run Behavior\ReadHtmlCacheBehavior [ RunTime:0.000901s ]
INFO: [ app_begin ] --END-- [ RunTime:0.001029s ]
NOTIC: [2048] Declaration of Admin\Controller\ContentController::setStatus() should be compatible with Admin\Controller\CommonController::setStatus($data, $models) C:\wamp\www\news_cms\Application\Admin\Controller\ContentController.class.php 第 7 行.
NOTIC: [2048] Declaration of Admin\Controller\ContentController::listorder() should be compatible with Admin\Controller\CommonController::listorder($model = '') C:\wamp\www\news_cms\Application\Admin\Controller\ContentController.class.php 第 7 行.
NOTIC: [2048] Declaration of Common\Model\NewsModel::find() should be compatible with Think\Model::find($options = Array) C:\wamp\www\news_cms\Application\Common\Model\NewsModel.class.php 第 7 行.
SQL: SHOW COLUMNS FROM `cms_news` [ RunTime:0.0009s ]
SQL: UPDATE `cms_news` SET `listorder`='0' WHERE ( news_id=38 ) [ RunTime:0.0005s ]
SQL: UPDATE `cms_news` SET `listorder`='2' WHERE ( news_id=37 ) [ RunTime:0.0005s ]
INFO: [ app_end ] --START--
INFO: Run Behavior\ShowPageTraceBehavior [ RunTime:0.001279s ]
INFO: [ app_end ] --END-- [ RunTime:0.001401s ]

[ 2017-08-04T15:49:39+08:00 ] ::1 /news_cms/admin.php?c=content
INFO: [ app_init ] --START--
INFO: Run Behavior\BuildLiteBehavior [ RunTime:0.000023s ]
INFO: [ app_init ] --END-- [ RunTime:0.000592s ]
INFO: [ app_begin ] --START--
INFO: Run Behavior\ReadHtmlCacheBehavior [ RunTime:0.000830s ]
INFO: [ app_begin ] --END-- [ RunTime:0.000945s ]
NOTIC: [2048] Declaration of Admin\Controller\ContentController::setStatus() should be compatible with Admin\Controller\CommonController::setStatus($data, $models) C:\wamp\www\news_cms\Application\Admin\Controller\ContentController.class.php 第 7 行.
NOTIC: [2048] Declaration of Admin\Controller\ContentController::listorder() should be compatible with Admin\Controller\CommonController::listorder($model = '') C:\wamp\www\news_cms\Application\Admin\Controller\ContentController.class.php 第 7 行.
NOTIC: [2048] Declaration of Common\Model\MenuModel::find() should be compatible with Think\Model::find($options = Array) C:\wamp\www\news_cms\Application\Common\Model\MenuModel.class.php 第 6 行.
SQL: SHOW COLUMNS FROM `cms_menu` [ RunTime:0.0006s ]
SQL: SELECT * FROM `cms_menu` WHERE `status` <> -1 AND `type` = 0 ORDER BY listorder desc,menu_id desc  [ RunTime:0.0004s ]
NOTIC: [8] Undefined index: title C:\wamp\www\news_cms\Application\Admin\Controller\ContentController.class.php 第 15 行.
NOTIC: [8] Undefined index: catid C:\wamp\www\news_cms\Application\Admin\Controller\ContentController.class.php 第 18 行.
NOTIC: [8] Undefined index: p C:\wamp\www\news_cms\Application\Admin\Controller\ContentController.class.php 第 22 行.
NOTIC: [2048] Declaration of Common\Model\NewsModel::find() should be compatible with Think\Model::find($options = Array) C:\wamp\www\news_cms\Application\Common\Model\NewsModel.class.php 第 92 行.
SQL: SHOW COLUMNS FROM `cms_news` [ RunTime:0.0006s ]
SQL: SELECT * FROM `cms_news` ORDER BY listorder desc,news_id desc LIMIT 0,2   [ RunTime:0.0003s ]
SQL: SELECT COUNT(*) AS tp_count FROM `cms_news` LIMIT 1   [ RunTime:0.0002s ]
INFO: [ view_parse ] --START--
INFO: [ template_filter ] --START--
INFO: Run Behavior\ContentReplaceBehavior [ RunTime:0.000083s ]
INFO: [ template_filter ] --END-- [ RunTime:0.000179s ]
NOTIC: [8] Undefined index: catid C:\wamp\www\news_cms\Application\Runtime\Cache\Admin\ccc9ced3ad798311a07cb47b740981c5.php 第 1 行.
NOTIC: [8] Undefined index: title C:\wamp\www\news_cms\Application\Runtime\Cache\Admin\ccc9ced3ad798311a07cb47b740981c5.php 第 1 行.
SQL: SELECT * FROM `cms_menu` WHERE `status` <> -1 AND `type` = 1 ORDER BY listorder desc,menu_id desc  [ RunTime:0.0006s ]
NOTIC: [8] Undefined variable: index C:\wamp\www\news_cms\Application\Runtime\Cache\Admin\ccc9ced3ad798311a07cb47b740981c5.php 第 75 行.
NOTIC: [8] Undefined variable: positions C:\wamp\www\news_cms\Application\Runtime\Cache\Admin\ccc9ced3ad798311a07cb47b740981c5.php 第 190 行.
INFO: Run Behavior\ParseTemplateBehavior [ RunTime:0.019009s ]
INFO: [ view_parse ] --END-- [ RunTime:0.019097s ]
INFO: [ view_filter ] --START--
INFO: Run Behavior\WriteHtmlCacheBehavior [ RunTime:0.000966s ]
INFO: [ view_filter ] --END-- [ RunTime:0.001053s ]
INFO: [ app_end ] --START--
INFO: Run Behavior\ShowPageTraceBehavior [ RunTime:0.000885s ]
INFO: [ app_end ] --END-- [ RunTime:0.000984s ]

[ 2017-08-04T16:44:47+08:00 ] ::1 /news_cms/admin.php?c=content
INFO: [ app_init ] --START--
INFO: Run Behavior\BuildLiteBehavior [ RunTime:0.000020s ]
INFO: [ app_init ] --END-- [ RunTime:0.000586s ]
INFO: [ app_begin ] --START--
INFO: Run Behavior\ReadHtmlCacheBehavior [ RunTime:0.000760s ]
INFO: [ app_begin ] --END-- [ RunTime:0.000863s ]
NOTIC: [2048] Declaration of Admin\Controller\ContentController::setStatus() should be compatible with Admin\Controller\CommonController::setStatus($data, $models) C:\wamp\www\news_cms\Application\Admin\Controller\ContentController.class.php 第 7 行.
NOTIC: [2048] Declaration of Admin\Controller\ContentController::listorder() should be compatible with Admin\Controller\CommonController::listorder($model = '') C:\wamp\www\news_cms\Application\Admin\Controller\ContentController.class.php 第 7 行.
NOTIC: [2048] Declaration of Common\Model\MenuModel::find() should be compatible with Think\Model::find($options = Array) C:\wamp\www\news_cms\Application\Common\Model\MenuModel.class.php 第 6 行.
SQL: SHOW COLUMNS FROM `cms_menu` [ RunTime:0.0008s ]
SQL: SELECT * FROM `cms_menu` WHERE `status` <> -1 AND `type` = 0 ORDER BY listorder desc,menu_id desc  [ RunTime:0.0005s ]
NOTIC: [8] Undefined index: title C:\wamp\www\news_cms\Application\Admin\Controller\ContentController.class.php 第 15 行.
NOTIC: [8] Undefined index: catid C:\wamp\www\news_cms\Application\Admin\Controller\ContentController.class.php 第 18 行.
NOTIC: [8] Undefined index: p C:\wamp\www\news_cms\Application\Admin\Controller\ContentController.class.php 第 22 行.
NOTIC: [2048] Declaration of Common\Model\NewsModel::find() should be compatible with Think\Model::find($options = Array) C:\wamp\www\news_cms\Application\Common\Model\NewsModel.class.php 第 92 行.
SQL: SHOW COLUMNS FROM `cms_news` [ RunTime:0.0005s ]
SQL: SELECT * FROM `cms_news` ORDER BY listorder desc,news_id desc LIMIT 0,2   [ RunTime:0.0003s ]
SQL: SELECT COUNT(*) AS tp_count FROM `cms_news` LIMIT 1   [ RunTime:0.0002s ]
INFO: [ view_parse ] --START--
INFO: [ template_filter ] --START--
INFO: Run Behavior\ContentReplaceBehavior [ RunTime:0.000085s ]
INFO: [ template_filter ] --END-- [ RunTime:0.000195s ]
NOTIC: [8] Undefined index: catid C:\wamp\www\news_cms\Application\Runtime\Cache\Admin\ccc9ced3ad798311a07cb47b740981c5.php 第 1 行.
NOTIC: [8] Undefined index: title C:\wamp\www\news_cms\Application\Runtime\Cache\Admin\ccc9ced3ad798311a07cb47b740981c5.php 第 1 行.
SQL: SELECT * FROM `cms_menu` WHERE `status` <> -1 AND `type` = 1 ORDER BY listorder desc,menu_id desc  [ RunTime:0.0006s ]
NOTIC: [8] Undefined variable: index C:\wamp\www\news_cms\Application\Runtime\Cache\Admin\ccc9ced3ad798311a07cb47b740981c5.php 第 75 行.
NOTIC: [8] Undefined variable: positions C:\wamp\www\news_cms\Application\Runtime\Cache\Admin\ccc9ced3ad798311a07cb47b740981c5.php 第 190 行.
INFO: Run Behavior\ParseTemplateBehavior [ RunTime:0.018244s ]
INFO: [ view_parse ] --END-- [ RunTime:0.018335s ]
INFO: [ view_filter ] --START--
INFO: Run Behavior\WriteHtmlCacheBehavior [ RunTime:0.000637s ]
INFO: [ view_filter ] --END-- [ RunTime:0.000724s ]
INFO: [ app_end ] --START--
INFO: Run Behavior\ShowPageTraceBehavior [ RunTime:0.000746s ]
INFO: [ app_end ] --END-- [ RunTime:0.000845s ]

[ 2017-08-04T16:44:50+08:00 ] ::1 /news_cms/admin.php?c=content&a=listorder
INFO: [ app_init ] --START--
INFO: Run Behavior\BuildLiteBehavior [ RunTime:0.000022s ]
INFO: [ app_init ] --END-- [ RunTime:0.000594s ]
INFO: [ app_begin ] --START--
INFO: Run Behavior\ReadHtmlCacheBehavior [ RunTime:0.000718s ]
INFO: [ app_begin ] --END-- [ RunTime:0.000804s ]
NOTIC: [2048] Declaration of Admin\Controller\ContentController::setStatus() should be compatible with Admin\Controller\CommonController::setStatus($data, $models) C:\wamp\www\news_cms\Application\Admin\Controller\ContentController.class.php 第 7 行.
NOTIC: [2048] Declaration of Admin\Controller\ContentController::listorder() should be compatible with Admin\Controller\CommonController::listorder($model = '') C:\wamp\www\news_cms\Application\Admin\Controller\ContentController.class.php 第 7 行.
NOTIC: [2048] Declaration of Common\Model\NewsModel::find() should be compatible with Think\Model::find($options = Array) C:\wamp\www\news_cms\Application\Common\Model\NewsModel.class.php 第 7 行.
SQL: SHOW COLUMNS FROM `cms_news` [ RunTime:0.0007s ]
SQL: UPDATE `cms_news` SET `listorder`='2' WHERE ( news_id=37 ) [ RunTime:0.0003s ]
SQL: UPDATE `cms_news` SET `listorder`='3' WHERE ( news_id=38 ) [ RunTime:0.0004s ]
NOTIC: [2] Missing argument 3 for show(), called in C:\wamp\www\news_cms\Application\Admin\Controller\ContentController.class.php on line 187 and defined C:\wamp\www\news_cms\Application\Common\Common\function.php 第 5 行.
NOTIC: [8] Undefined variable: data C:\wamp\www\news_cms\Application\Common\Common\function.php 第 10 行.

[ 2017-08-04T16:44:51+08:00 ] ::1 /news_cms/admin.php?c=content
INFO: [ app_init ] --START--
INFO: Run Behavior\BuildLiteBehavior [ RunTime:0.000021s ]
INFO: [ app_init ] --END-- [ RunTime:0.000506s ]
INFO: [ app_begin ] --START--
INFO: Run Behavior\ReadHtmlCacheBehavior [ RunTime:0.000710s ]
INFO: [ app_begin ] --END-- [ RunTime:0.000824s ]
NOTIC: [2048] Declaration of Admin\Controller\ContentController::setStatus() should be compatible with Admin\Controller\CommonController::setStatus($data, $models) C:\wamp\www\news_cms\Application\Admin\Controller\ContentController.class.php 第 7 行.
NOTIC: [2048] Declaration of Admin\Controller\ContentController::listorder() should be compatible with Admin\Controller\CommonController::listorder($model = '') C:\wamp\www\news_cms\Application\Admin\Controller\ContentController.class.php 第 7 行.
NOTIC: [2048] Declaration of Common\Model\MenuModel::find() should be compatible with Think\Model::find($options = Array) C:\wamp\www\news_cms\Application\Common\Model\MenuModel.class.php 第 6 行.
SQL: SHOW COLUMNS FROM `cms_menu` [ RunTime:0.0006s ]
SQL: SELECT * FROM `cms_menu` WHERE `status` <> -1 AND `type` = 0 ORDER BY listorder desc,menu_id desc  [ RunTime:0.0004s ]
NOTIC: [8] Undefined index: title C:\wamp\www\news_cms\Application\Admin\Controller\ContentController.class.php 第 15 行.
NOTIC: [8] Undefined index: catid C:\wamp\www\news_cms\Application\Admin\Controller\ContentController.class.php 第 18 行.
NOTIC: [8] Undefined index: p C:\wamp\www\news_cms\Application\Admin\Controller\ContentController.class.php 第 22 行.
NOTIC: [2048] Declaration of Common\Model\NewsModel::find() should be compatible with Think\Model::find($options = Array) C:\wamp\www\news_cms\Application\Common\Model\NewsModel.class.php 第 92 行.
SQL: SHOW COLUMNS FROM `cms_news` [ RunTime:0.0005s ]
SQL: SELECT * FROM `cms_news` ORDER BY listorder desc,news_id desc LIMIT 0,2   [ RunTime:0.0003s ]
SQL: SELECT COUNT(*) AS tp_count FROM `cms_news` LIMIT 1   [ RunTime:0.0002s ]
INFO: [ view_parse ] --START--
INFO: [ template_filter ] --START--
INFO: Run Behavior\ContentReplaceBehavior [ RunTime:0.000116s ]
INFO: [ template_filter ] --END-- [ RunTime:0.000209s ]
NOTIC: [8] Undefined index: catid C:\wamp\www\news_cms\Application\Runtime\Cache\Admin\ccc9ced3ad798311a07cb47b740981c5.php 第 1 行.
NOTIC: [8] Undefined index: title C:\wamp\www\news_cms\Application\Runtime\Cache\Admin\ccc9ced3ad798311a07cb47b740981c5.php 第 1 行.
SQL: SELECT * FROM `cms_menu` WHERE `status` <> -1 AND `type` = 1 ORDER BY listorder desc,menu_id desc  [ RunTime:0.0005s ]
NOTIC: [8] Undefined variable: index C:\wamp\www\news_cms\Application\Runtime\Cache\Admin\ccc9ced3ad798311a07cb47b740981c5.php 第 75 行.
NOTIC: [8] Undefined variable: positions C:\wamp\www\news_cms\Application\Runtime\Cache\Admin\ccc9ced3ad798311a07cb47b740981c5.php 第 190 行.
INFO: Run Behavior\ParseTemplateBehavior [ RunTime:0.017863s ]
INFO: [ view_parse ] --END-- [ RunTime:0.017981s ]
INFO: [ view_filter ] --START--
INFO: Run Behavior\WriteHtmlCacheBehavior [ RunTime:0.000694s ]
INFO: [ view_filter ] --END-- [ RunTime:0.000798s ]
INFO: [ app_end ] --START--
INFO: Run Behavior\ShowPageTraceBehavior [ RunTime:0.000888s ]
INFO: [ app_end ] --END-- [ RunTime:0.000990s ]

[ 2017-08-04T16:44:53+08:00 ] ::1 /news_cms/admin.php?m=Admin&c=Content&a=index&p=2
INFO: [ app_init ] --START--
INFO: Run Behavior\BuildLiteBehavior [ RunTime:0.000020s ]
INFO: [ app_init ] --END-- [ RunTime:0.000474s ]
INFO: [ app_begin ] --START--
INFO: Run Behavior\ReadHtmlCacheBehavior [ RunTime:0.000802s ]
INFO: [ app_begin ] --END-- [ RunTime:0.000902s ]
NOTIC: [2048] Declaration of Admin\Controller\ContentController::setStatus() should be compatible with Admin\Controller\CommonController::setStatus($data, $models) C:\wamp\www\news_cms\Application\Admin\Controller\ContentController.class.php 第 7 行.
NOTIC: [2048] Declaration of Admin\Controller\ContentController::listorder() should be compatible with Admin\Controller\CommonController::listorder($model = '') C:\wamp\www\news_cms\Application\Admin\Controller\ContentController.class.php 第 7 行.
NOTIC: [2048] Declaration of Common\Model\MenuModel::find() should be compatible with Think\Model::find($options = Array) C:\wamp\www\news_cms\Application\Common\Model\MenuModel.class.php 第 6 行.
SQL: SHOW COLUMNS FROM `cms_menu` [ RunTime:0.0010s ]
SQL: SELECT * FROM `cms_menu` WHERE `status` <> -1 AND `type` = 0 ORDER BY listorder desc,menu_id desc  [ RunTime:0.0005s ]
NOTIC: [8] Undefined index: title C:\wamp\www\news_cms\Application\Admin\Controller\ContentController.class.php 第 15 行.
NOTIC: [8] Undefined index: catid C:\wamp\www\news_cms\Application\Admin\Controller\ContentController.class.php 第 18 行.
NOTIC: [2048] Declaration of Common\Model\NewsModel::find() should be compatible with Think\Model::find($options = Array) C:\wamp\www\news_cms\Application\Common\Model\NewsModel.class.php 第 92 行.
SQL: SHOW COLUMNS FROM `cms_news` [ RunTime:0.0006s ]
SQL: SELECT * FROM `cms_news` ORDER BY listorder desc,news_id desc LIMIT 2,2   [ RunTime:0.0005s ]
SQL: SELECT COUNT(*) AS tp_count FROM `cms_news` LIMIT 1   [ RunTime:0.0003s ]
INFO: [ view_parse ] --START--
INFO: [ template_filter ] --START--
INFO: Run Behavior\ContentReplaceBehavior [ RunTime:0.000082s ]
INFO: [ template_filter ] --END-- [ RunTime:0.000170s ]
NOTIC: [8] Undefined index: catid C:\wamp\www\news_cms\Application\Runtime\Cache\Admin\ccc9ced3ad798311a07cb47b740981c5.php 第 1 行.
NOTIC: [8] Undefined index: title C:\wamp\www\news_cms\Application\Runtime\Cache\Admin\ccc9ced3ad798311a07cb47b740981c5.php 第 1 行.
SQL: SELECT * FROM `cms_menu` WHERE `status` <> -1 AND `type` = 1 ORDER BY listorder desc,menu_id desc  [ RunTime:0.0007s ]
NOTIC: [8] Undefined variable: index C:\wamp\www\news_cms\Application\Runtime\Cache\Admin\ccc9ced3ad798311a07cb47b740981c5.php 第 75 行.
NOTIC: [8] Undefined variable: positions C:\wamp\www\news_cms\Application\Runtime\Cache\Admin\ccc9ced3ad798311a07cb47b740981c5.php 第 190 行.
INFO: Run Behavior\ParseTemplateBehavior [ RunTime:0.017599s ]
INFO: [ view_parse ] --END-- [ RunTime:0.017762s ]
INFO: [ view_filter ] --START--
INFO: Run Behavior\WriteHtmlCacheBehavior [ RunTime:0.001089s ]
INFO: [ view_filter ] --END-- [ RunTime:0.001219s ]
INFO: [ app_end ] --START--
INFO: Run Behavior\ShowPageTraceBehavior [ RunTime:0.000903s ]
INFO: [ app_end ] --END-- [ RunTime:0.001001s ]

[ 2017-08-04T16:45:00+08:00 ] ::1 /news_cms/admin.php?c=content&a=listorder
INFO: [ app_init ] --START--
INFO: Run Behavior\BuildLiteBehavior [ RunTime:0.000019s ]
INFO: [ app_init ] --END-- [ RunTime:0.000484s ]
INFO: [ app_begin ] --START--
INFO: Run Behavior\ReadHtmlCacheBehavior [ RunTime:0.000806s ]
INFO: [ app_begin ] --END-- [ RunTime:0.000891s ]
NOTIC: [2048] Declaration of Admin\Controller\ContentController::setStatus() should be compatible with Admin\Controller\CommonController::setStatus($data, $models) C:\wamp\www\news_cms\Application\Admin\Controller\ContentController.class.php 第 7 行.
NOTIC: [2048] Declaration of Admin\Controller\ContentController::listorder() should be compatible with Admin\Controller\CommonController::listorder($model = '') C:\wamp\www\news_cms\Application\Admin\Controller\ContentController.class.php 第 7 行.
NOTIC: [2048] Declaration of Common\Model\NewsModel::find() should be compatible with Think\Model::find($options = Array) C:\wamp\www\news_cms\Application\Common\Model\NewsModel.class.php 第 7 行.
SQL: SHOW COLUMNS FROM `cms_news` [ RunTime:0.0007s ]
SQL: UPDATE `cms_news` SET `listorder`='10' WHERE ( news_id=36 ) [ RunTime:0.0003s ]
NOTIC: [2] Missing argument 3 for show(), called in C:\wamp\www\news_cms\Application\Admin\Controller\ContentController.class.php on line 187 and defined C:\wamp\www\news_cms\Application\Common\Common\function.php 第 5 行.
NOTIC: [8] Undefined variable: data C:\wamp\www\news_cms\Application\Common\Common\function.php 第 10 行.

[ 2017-08-04T16:45:01+08:00 ] ::1 /news_cms/admin.php?m=Admin&c=Content&a=index&p=2
INFO: [ app_init ] --START--
INFO: Run Behavior\BuildLiteBehavior [ RunTime:0.000025s ]
INFO: [ app_init ] --END-- [ RunTime:0.000620s ]
INFO: [ app_begin ] --START--
INFO: Run Behavior\ReadHtmlCacheBehavior [ RunTime:0.000906s ]
INFO: [ app_begin ] --END-- [ RunTime:0.001016s ]
NOTIC: [2048] Declaration of Admin\Controller\ContentController::setStatus() should be compatible with Admin\Controller\CommonController::setStatus($data, $models) C:\wamp\www\news_cms\Application\Admin\Controller\ContentController.class.php 第 7 行.
NOTIC: [2048] Declaration of Admin\Controller\ContentController::listorder() should be compatible with Admin\Controller\CommonController::listorder($model = '') C:\wamp\www\news_cms\Application\Admin\Controller\ContentController.class.php 第 7 行.
NOTIC: [2048] Declaration of Common\Model\MenuModel::find() should be compatible with Think\Model::find($options = Array) C:\wamp\www\news_cms\Application\Common\Model\MenuModel.class.php 第 6 行.
SQL: SHOW COLUMNS FROM `cms_menu` [ RunTime:0.0009s ]
SQL: SELECT * FROM `cms_menu` WHERE `status` <> -1 AND `type` = 0 ORDER BY listorder desc,menu_id desc  [ RunTime:0.0005s ]
NOTIC: [8] Undefined index: title C:\wamp\www\news_cms\Application\Admin\Controller\ContentController.class.php 第 15 行.
NOTIC: [8] Undefined index: catid C:\wamp\www\news_cms\Application\Admin\Controller\ContentController.class.php 第 18 行.
NOTIC: [2048] Declaration of Common\Model\NewsModel::find() should be compatible with Think\Model::find($options = Array) C:\wamp\www\news_cms\Application\Common\Model\NewsModel.class.php 第 92 行.
SQL: SHOW COLUMNS FROM `cms_news` [ RunTime:0.0008s ]
SQL: SELECT * FROM `cms_news` ORDER BY listorder desc,news_id desc LIMIT 2,2   [ RunTime:0.0005s ]
SQL: SELECT COUNT(*) AS tp_count FROM `cms_news` LIMIT 1   [ RunTime:0.0002s ]
INFO: [ view_parse ] --START--
INFO: [ template_filter ] --START--
INFO: Run Behavior\ContentReplaceBehavior [ RunTime:0.000082s ]
INFO: [ template_filter ] --END-- [ RunTime:0.000222s ]
NOTIC: [8] Undefined index: catid C:\wamp\www\news_cms\Application\Runtime\Cache\Admin\ccc9ced3ad798311a07cb47b740981c5.php 第 1 行.
NOTIC: [8] Undefined index: title C:\wamp\www\news_cms\Application\Runtime\Cache\Admin\ccc9ced3ad798311a07cb47b740981c5.php 第 1 行.
SQL: SELECT * FROM `cms_menu` WHERE `status` <> -1 AND `type` = 1 ORDER BY listorder desc,menu_id desc  [ RunTime:0.0006s ]
NOTIC: [8] Undefined variable: index C:\wamp\www\news_cms\Application\Runtime\Cache\Admin\ccc9ced3ad798311a07cb47b740981c5.php 第 75 行.
NOTIC: [8] Undefined variable: positions C:\wamp\www\news_cms\Application\Runtime\Cache\Admin\ccc9ced3ad798311a07cb47b740981c5.php 第 190 行.
INFO: Run Behavior\ParseTemplateBehavior [ RunTime:0.017790s ]
INFO: [ view_parse ] --END-- [ RunTime:0.017878s ]
INFO: [ view_filter ] --START--
INFO: Run Behavior\WriteHtmlCacheBehavior [ RunTime:0.000658s ]
INFO: [ view_filter ] --END-- [ RunTime:0.000744s ]
INFO: [ app_end ] --START--
INFO: Run Behavior\ShowPageTraceBehavior [ RunTime:0.000793s ]
INFO: [ app_end ] --END-- [ RunTime:0.000909s ]

[ 2017-08-04T16:45:03+08:00 ] ::1 /news_cms/admin.php?m=Admin&c=Content&a=index&p=1
INFO: [ app_init ] --START--
INFO: Run Behavior\BuildLiteBehavior [ RunTime:0.000020s ]
INFO: [ app_init ] --END-- [ RunTime:0.000565s ]
INFO: [ app_begin ] --START--
INFO: Run Behavior\ReadHtmlCacheBehavior [ RunTime:0.000808s ]
INFO: [ app_begin ] --END-- [ RunTime:0.000919s ]
NOTIC: [2048] Declaration of Admin\Controller\ContentController::setStatus() should be compatible with Admin\Controller\CommonController::setStatus($data, $models) C:\wamp\www\news_cms\Application\Admin\Controller\ContentController.class.php 第 7 行.
NOTIC: [2048] Declaration of Admin\Controller\ContentController::listorder() should be compatible with Admin\Controller\CommonController::listorder($model = '') C:\wamp\www\news_cms\Application\Admin\Controller\ContentController.class.php 第 7 行.
NOTIC: [2048] Declaration of Common\Model\MenuModel::find() should be compatible with Think\Model::find($options = Array) C:\wamp\www\news_cms\Application\Common\Model\MenuModel.class.php 第 6 行.
SQL: SHOW COLUMNS FROM `cms_menu` [ RunTime:0.0006s ]
SQL: SELECT * FROM `cms_menu` WHERE `status` <> -1 AND `type` = 0 ORDER BY listorder desc,menu_id desc  [ RunTime:0.0004s ]
NOTIC: [8] Undefined index: title C:\wamp\www\news_cms\Application\Admin\Controller\ContentController.class.php 第 15 行.
NOTIC: [8] Undefined index: catid C:\wamp\www\news_cms\Application\Admin\Controller\ContentController.class.php 第 18 行.
NOTIC: [2048] Declaration of Common\Model\NewsModel::find() should be compatible with Think\Model::find($options = Array) C:\wamp\www\news_cms\Application\Common\Model\NewsModel.class.php 第 92 行.
SQL: SHOW COLUMNS FROM `cms_news` [ RunTime:0.0006s ]
SQL: SELECT * FROM `cms_news` ORDER BY listorder desc,news_id desc LIMIT 0,2   [ RunTime:0.0005s ]
SQL: SELECT COUNT(*) AS tp_count FROM `cms_news` LIMIT 1   [ RunTime:0.0002s ]
INFO: [ view_parse ] --START--
INFO: [ template_filter ] --START--
INFO: Run Behavior\ContentReplaceBehavior [ RunTime:0.000080s ]
INFO: [ template_filter ] --END-- [ RunTime:0.000186s ]
NOTIC: [8] Undefined index: catid C:\wamp\www\news_cms\Application\Runtime\Cache\Admin\ccc9ced3ad798311a07cb47b740981c5.php 第 1 行.
NOTIC: [8] Undefined index: title C:\wamp\www\news_cms\Application\Runtime\Cache\Admin\ccc9ced3ad798311a07cb47b740981c5.php 第 1 行.
SQL: SELECT * FROM `cms_menu` WHERE `status` <> -1 AND `type` = 1 ORDER BY listorder desc,menu_id desc  [ RunTime:0.0008s ]
NOTIC: [8] Undefined variable: index C:\wamp\www\news_cms\Application\Runtime\Cache\Admin\ccc9ced3ad798311a07cb47b740981c5.php 第 75 行.
NOTIC: [8] Undefined variable: positions C:\wamp\www\news_cms\Application\Runtime\Cache\Admin\ccc9ced3ad798311a07cb47b740981c5.php 第 190 行.
INFO: Run Behavior\ParseTemplateBehavior [ RunTime:0.018688s ]
INFO: [ view_parse ] --END-- [ RunTime:0.018779s ]
INFO: [ view_filter ] --START--
INFO: Run Behavior\WriteHtmlCacheBehavior [ RunTime:0.000583s ]
INFO: [ view_filter ] --END-- [ RunTime:0.000679s ]
INFO: [ app_end ] --START--
INFO: Run Behavior\ShowPageTraceBehavior [ RunTime:0.000720s ]
INFO: [ app_end ] --END-- [ RunTime:0.000839s ]

[ 2017-08-04T16:49:26+08:00 ] ::1 /news_cms/admin.php?c=positioncontent
INFO: [ app_init ] --START--
INFO: Run Behavior\BuildLiteBehavior [ RunTime:0.000020s ]
INFO: [ app_init ] --END-- [ RunTime:0.000535s ]
INFO: [ app_begin ] --START--
INFO: Run Behavior\ReadHtmlCacheBehavior [ RunTime:0.000770s ]
INFO: [ app_begin ] --END-- [ RunTime:0.000870s ]
ERR: 无法加载控制器:Positioncontent

[ 2017-08-04T16:49:27+08:00 ] ::1 /news_cms/admin.php?m=Admin&c=Content&a=index&p=1
INFO: [ app_init ] --START--
INFO: Run Behavior\BuildLiteBehavior [ RunTime:0.000019s ]
INFO: [ app_init ] --END-- [ RunTime:0.000523s ]
INFO: [ app_begin ] --START--
INFO: Run Behavior\ReadHtmlCacheBehavior [ RunTime:0.000757s ]
INFO: [ app_begin ] --END-- [ RunTime:0.000859s ]
NOTIC: [2048] Declaration of Admin\Controller\ContentController::setStatus() should be compatible with Admin\Controller\CommonController::setStatus($data, $models) C:\wamp\www\news_cms\Application\Admin\Controller\ContentController.class.php 第 7 行.
NOTIC: [2048] Declaration of Admin\Controller\ContentController::listorder() should be compatible with Admin\Controller\CommonController::listorder($model = '') C:\wamp\www\news_cms\Application\Admin\Controller\ContentController.class.php 第 7 行.
NOTIC: [2048] Declaration of Common\Model\MenuModel::find() should be compatible with Think\Model::find($options = Array) C:\wamp\www\news_cms\Application\Common\Model\MenuModel.class.php 第 6 行.
SQL: SHOW COLUMNS FROM `cms_menu` [ RunTime:0.0006s ]
SQL: SELECT * FROM `cms_menu` WHERE `status` <> -1 AND `type` = 0 ORDER BY listorder desc,menu_id desc  [ RunTime:0.0004s ]
NOTIC: [8] Undefined index: title C:\wamp\www\news_cms\Application\Admin\Controller\ContentController.class.php 第 15 行.
NOTIC: [8] Undefined index: catid C:\wamp\www\news_cms\Application\Admin\Controller\ContentController.class.php 第 18 行.
NOTIC: [2048] Declaration of Common\Model\NewsModel::find() should be compatible with Think\Model::find($options = Array) C:\wamp\www\news_cms\Application\Common\Model\NewsModel.class.php 第 92 行.
SQL: SHOW COLUMNS FROM `cms_news` [ RunTime:0.0008s ]
SQL: SELECT * FROM `cms_news` ORDER BY listorder desc,news_id desc LIMIT 0,2   [ RunTime:0.0005s ]
SQL: SELECT COUNT(*) AS tp_count FROM `cms_news` LIMIT 1   [ RunTime:0.0003s ]
INFO: [ view_parse ] --START--
INFO: [ template_filter ] --START--
INFO: Run Behavior\ContentReplaceBehavior [ RunTime:0.000089s ]
INFO: [ template_filter ] --END-- [ RunTime:0.000183s ]
NOTIC: [8] Undefined index: catid C:\wamp\www\news_cms\Application\Runtime\Cache\Admin\ccc9ced3ad798311a07cb47b740981c5.php 第 1 行.
NOTIC: [8] Undefined index: title C:\wamp\www\news_cms\Application\Runtime\Cache\Admin\ccc9ced3ad798311a07cb47b740981c5.php 第 1 行.
SQL: SELECT * FROM `cms_menu` WHERE `status` <> -1 AND `type` = 1 ORDER BY listorder desc,menu_id desc  [ RunTime:0.0006s ]
NOTIC: [8] Undefined variable: index C:\wamp\www\news_cms\Application\Runtime\Cache\Admin\ccc9ced3ad798311a07cb47b740981c5.php 第 75 行.
NOTIC: [8] Undefined variable: positions C:\wamp\www\news_cms\Application\Runtime\Cache\Admin\ccc9ced3ad798311a07cb47b740981c5.php 第 190 行.
INFO: Run Behavior\ParseTemplateBehavior [ RunTime:0.019703s ]
INFO: [ view_parse ] --END-- [ RunTime:0.019797s ]
INFO: [ view_filter ] --START--
INFO: Run Behavior\WriteHtmlCacheBehavior [ RunTime:0.000826s ]
INFO: [ view_filter ] --END-- [ RunTime:0.000953s ]
INFO: [ app_end ] --START--
INFO: Run Behavior\ShowPageTraceBehavior [ RunTime:0.000889s ]
INFO: [ app_end ] --END-- [ RunTime:0.000989s ]

